[5128:12332:0130/190029.385:INFO:chrome_browser_cloud_management_controller.cc(196)] No machine level policy manager exists.
[6904:13696:0130/190029.557:WARNING:viz_main_impl.cc(85)] VizNullHypothesis is disabled (not a warning)
[5128:12332:0130/190030.057:INFO:CONSOLE(0)] "Fetch event handler is recognized as no-op. No-op fetch handler may bring overhead during navigation. Consider removing the handler if possible.", source:  (0)
[5128:12332:0130/190030.074:INFO:CONSOLE(2)] "No pending requests to replay", source: https://cdn.moengage.com/release/dc_3/versions/2/serviceworker_cdn.min.latest.js (2)
[5128:12332:0130/190030.594:INFO:CONSOLE(1)] "ERROR Error: Uncaught (in promise): No current user", source: https://www.dailyobjects.com/main.38a97a6d11b8de63.js (1)
[6904:13696:0130/190030.621:ERROR:gles2_cmd_decoder_passthrough.cc(1082)] [GroupMarkerNotSet(crbug.com/242999)!:A0802100EC520000]Automatic fallback to software WebGL has been deprecated. Please use the --enable-unsafe-swiftshader flag to opt in to lower security guarantees for trusted content.
[5128:12332:0130/190030.655:INFO:CONSOLE(0)] "[GroupMarkerNotSet(crbug.com/242999)!:A0802100EC520000]Automatic fallback to software WebGL has been deprecated. Please use the --enable-unsafe-swiftshader flag to opt in to lower security guarantees for trusted content.", source: https://www.dailyobjects.com/bp (0)
[5128:12332:0130/190030.670:INFO:CONSOLE(1)] "Could not subscribe to notifications TypeError: Cannot read properties of undefined (reading 'subscribe')", source: https://www.dailyobjects.com/main.38a97a6d11b8de63.js (1)
[6904:13696:0130/190030.690:ERROR:gles2_cmd_decoder_passthrough.cc(1082)] [GroupMarkerNotSet(crbug.com/242999)!:A0E02100EC520000]Automatic fallback to software WebGL has been deprecated. Please use the --enable-unsafe-swiftshader flag to opt in to lower security guarantees for trusted content.
[5128:12332:0130/190030.699:INFO:CONSOLE(0)] "[GroupMarkerNotSet(crbug.com/242999)!:A0E02100EC520000]Automatic fallback to software WebGL has been deprecated. Please use the --enable-unsafe-swiftshader flag to opt in to lower security guarantees for trusted content.", source: https://sr-cdn.shiprocket.in/sr-promise/static/iframe.html (0)
[5128:12332:0130/190030.921:INFO:CONSOLE(1)] "ERROR TypeError: Cannot read properties of undefined (reading 'count')", source: https://www.dailyobjects.com/main.38a97a6d11b8de63.js (1)
[5128:12332:0130/190031.155:INFO:CONSOLE(1)] "ERROR TypeError: Cannot read properties of null (reading 'addControl')", source: https://www.dailyobjects.com/main.38a97a6d11b8de63.js (1)
[5128:12332:0130/190031.194:INFO:CONSOLE(1)] "ERROR TypeError: Cannot read properties of null (reading 'addControl')", source: https://www.dailyobjects.com/main.38a97a6d11b8de63.js (1)
[5128:12332:0130/190031.375:INFO:CONSOLE(1)] "[2025-01-30T13:30:31.375Z]  @firebase/analytics: The measurement ID in the local Firebase config (G-DK562NVEZ1) does not match the measurement ID fetched from the server (G-RK2RLBW1ME). To ensure analytics events are always sent to the correct Analytics property, update the measurement ID field in the local config or remove it from the local config.", source: https://www.dailyobjects.com/main.38a97a6d11b8de63.js (1)
[5128:12332:0130/190031.474:INFO:CONSOLE(1)] "Unhandled Promise rejection: Cannot read properties of null (reading 'campaignRenderMap') ; Zone: <root> ; Task: Window.addEventListener:beforeunload ; Value: TypeError: Cannot read properties of null (reading 'campaignRenderMap') TypeError: Cannot read properties of null (reading 'campaignRenderMap')
    at Fi.<anonymous> (https://cdn.moengage.com/release/dc_3/moe_webSdk.min.latest.js:2:243424)
    at Generator.next (<anonymous>)
    at https://cdn.moengage.com/release/dc_3/moe_webSdk.min.latest.js:2:232319
    at new o (https://www.dailyobjects.com/polyfills.cb047a702a18a615.js:1:28120)
    at Bi (https://cdn.moengage.com/release/dc_3/moe_webSdk.min.latest.js:2:232067)
    at Fi.sendDelayCampaignStats (https://cdn.moengage.com/release/dc_3/moe_webSdk.min.latest.js:2:243309)
    at beforeUnload (https://cdn.moengage.com/release/dc_3/moe_webSdk.min.latest.js:2:135093)
    at f.invokeTask (https://www.dailyobjects.com/polyfills.cb047a702a18a615.js:1:16935)
    at L.runTask (https://www.dailyobjects.com/polyfills.cb047a702a18a615.js:1:12327)
    at l.invokeTask [as invoke] (https://www.dailyobjects.com/polyfills.cb047a702a18a615.js:1:17987)", source: https://www.dailyobjects.com/polyfills.cb047a702a18a615.js (1)
[5128:12332:0130/190031.484:INFO:CONSOLE(2)] "Uncaught (in promise) TypeError: Cannot read properties of null (reading 'campaignRenderMap')", source: https://cdn.moengage.com/release/dc_3/moe_webSdk.min.latest.js (2)
[11072:12648:0130/190031.660:WARNING:spdy_session.cc(2981)] Received HEADERS for invalid stream 3
[6904:13696:0130/190031.667:ERROR:gles2_cmd_decoder_passthrough.cc(1082)] [GroupMarkerNotSet(crbug.com/242999)!:A0002D00EC520000]Automatic fallback to software WebGL has been deprecated. Please use the --enable-unsafe-swiftshader flag to opt in to lower security guarantees for trusted content.
[5128:12332:0130/190031.676:INFO:CONSOLE(34)] "Script uc_shiprocket loaded successfully.", source: https://app.wigzo.com/wigzo.compressed.js (34)
[6904:13696:0130/190031.801:ERROR:gles2_cmd_decoder_passthrough.cc(1082)] [GroupMarkerNotSet(crbug.com/242999)!:A0302D00EC520000]Automatic fallback to software WebGL has been deprecated. Please use the --enable-unsafe-swiftshader flag to opt in to lower security guarantees for trusted content.
[5128:12332:0130/190031.809:INFO:CONSOLE(0)] "[GroupMarkerNotSet(crbug.com/242999)!:A0302D00EC520000]Automatic fallback to software WebGL has been deprecated. Please use the --enable-unsafe-swiftshader flag to opt in to lower security guarantees for trusted content.", source: https://sr-cdn.shiprocket.in/sr-promise/static/iframe.html (0)
[5128:12332:0130/190031.842:INFO:CONSOLE(1)] "ERROR Error: Uncaught (in promise): No current user", source: https://www.dailyobjects.com/main.38a97a6d11b8de63.js (1)
[5128:12332:0130/190031.847:INFO:CONSOLE(0)] "[GroupMarkerNotSet(crbug.com/242999)!:A0002D00EC520000]Automatic fallback to software WebGL has been deprecated. Please use the --enable-unsafe-swiftshader flag to opt in to lower security guarantees for trusted content.", source: https://www.dailyobjects.com/uap/map (0)
[5128:12332:0130/190031.865:INFO:CONSOLE(1)] "Could not subscribe to notifications TypeError: Cannot read properties of undefined (reading 'subscribe')", source: https://www.dailyobjects.com/main.38a97a6d11b8de63.js (1)
[5128:12332:0130/190032.190:INFO:CONSOLE(1)] "[2025-01-30T13:30:32.189Z]  @firebase/analytics: The measurement ID in the local Firebase config (G-DK562NVEZ1) does not match the measurement ID fetched from the server (G-RK2RLBW1ME). To ensure analytics events are always sent to the correct Analytics property, update the measurement ID field in the local config or remove it from the local config.", source: https://www.dailyobjects.com/main.38a97a6d11b8de63.js (1)
[5128:12332:0130/190032.241:INFO:CONSOLE(1)] "No current user", source: https://www.dailyobjects.com/main.38a97a6d11b8de63.js (1)
[5128:12332:0130/190032.293:INFO:CONSOLE(0)] "Autofocus processing was blocked because a document already has a focused element.", source: https://www.dailyobjects.com/ap (0)
[6904:13696:0130/190033.489:ERROR:gles2_cmd_decoder_passthrough.cc(1082)] [GroupMarkerNotSet(crbug.com/242999)!:A0802100EC520000]Automatic fallback to software WebGL has been deprecated. Please use the --enable-unsafe-swiftshader flag to opt in to lower security guarantees for trusted content.
[5128:12332:0130/190033.501:INFO:CONSOLE(34)] "Script uc_shiprocket loaded successfully.", source: https://app.wigzo.com/wigzo.compressed.js (34)
[5128:12332:0130/190033.517:INFO:CONSOLE(0)] "[GroupMarkerNotSet(crbug.com/242999)!:A0802100EC520000]Automatic fallback to software WebGL has been deprecated. Please use the --enable-unsafe-swiftshader flag to opt in to lower security guarantees for trusted content.", source: https://www.dailyobjects.com/bp (0)
[6904:13696:0130/190033.633:ERROR:gles2_cmd_decoder_passthrough.cc(1082)] [GroupMarkerNotSet(crbug.com/242999)!:A0B02100EC520000]Automatic fallback to software WebGL has been deprecated. Please use the --enable-unsafe-swiftshader flag to opt in to lower security guarantees for trusted content.
[5128:12332:0130/190033.640:INFO:CONSOLE(0)] "[GroupMarkerNotSet(crbug.com/242999)!:A0B02100EC520000]Automatic fallback to software WebGL has been deprecated. Please use the --enable-unsafe-swiftshader flag to opt in to lower security guarantees for trusted content.", source: https://sr-cdn.shiprocket.in/sr-promise/static/iframe.html (0)
[5128:12332:0130/190033.676:INFO:CONSOLE(1)] "ERROR Error: Uncaught (in promise): No current user", source: https://www.dailyobjects.com/main.38a97a6d11b8de63.js (1)
[5128:12332:0130/190033.695:INFO:CONSOLE(1)] "Could not subscribe to notifications TypeError: Cannot read properties of undefined (reading 'subscribe')", source: https://www.dailyobjects.com/main.38a97a6d11b8de63.js (1)
[5128:12332:0130/190033.851:INFO:CONSOLE(1)] "ERROR TypeError: Cannot read properties of undefined (reading 'count')", source: https://www.dailyobjects.com/main.38a97a6d11b8de63.js (1)
[5128:12332:0130/190033.909:INFO:CONSOLE(1)] "[2025-01-30T13:30:33.909Z]  @firebase/analytics: The measurement ID in the local Firebase config (G-DK562NVEZ1) does not match the measurement ID fetched from the server (G-RK2RLBW1ME). To ensure analytics events are always sent to the correct Analytics property, update the measurement ID field in the local config or remove it from the local config.", source: https://www.dailyobjects.com/main.38a97a6d11b8de63.js (1)
[5128:12332:0130/190033.936:INFO:CONSOLE(1)] "Unhandled Promise rejection: Cannot read properties of null (reading 'campaignRenderMap') ; Zone: <root> ; Task: Window.addEventListener:beforeunload ; Value: TypeError: Cannot read properties of null (reading 'campaignRenderMap') TypeError: Cannot read properties of null (reading 'campaignRenderMap')
    at Fi.<anonymous> (https://cdn.moengage.com/release/dc_3/moe_webSdk.min.latest.js:2:243424)
    at Generator.next (<anonymous>)
    at https://cdn.moengage.com/release/dc_3/moe_webSdk.min.latest.js:2:232319
    at new o (https://www.dailyobjects.com/polyfills.cb047a702a18a615.js:1:28120)
    at Bi (https://cdn.moengage.com/release/dc_3/moe_webSdk.min.latest.js:2:232067)
    at Fi.sendDelayCampaignStats (https://cdn.moengage.com/release/dc_3/moe_webSdk.min.latest.js:2:243309)
    at beforeUnload (https://cdn.moengage.com/release/dc_3/moe_webSdk.min.latest.js:2:135093)
    at f.invokeTask (https://www.dailyobjects.com/polyfills.cb047a702a18a615.js:1:16935)
    at L.runTask (https://www.dailyobjects.com/polyfills.cb047a702a18a615.js:1:12327)
    at l.invokeTask [as invoke] (https://www.dailyobjects.com/polyfills.cb047a702a18a615.js:1:17987)", source: https://www.dailyobjects.com/polyfills.cb047a702a18a615.js (1)
[5128:12332:0130/190033.940:INFO:CONSOLE(2)] "Uncaught (in promise) TypeError: Cannot read properties of null (reading 'campaignRenderMap')", source: https://cdn.moengage.com/release/dc_3/moe_webSdk.min.latest.js (2)
[5128:12332:0130/190034.260:INFO:CONSOLE(1)] "ERROR Error: Uncaught (in promise): No current user", source: https://www.dailyobjects.com/main.38a97a6d11b8de63.js (1)
[5128:12332:0130/190034.281:INFO:CONSOLE(1)] "Could not subscribe to notifications TypeError: Cannot read properties of undefined (reading 'subscribe')", source: https://www.dailyobjects.com/main.38a97a6d11b8de63.js (1)
[6904:13696:0130/190034.448:ERROR:gles2_cmd_decoder_passthrough.cc(1082)] [GroupMarkerNotSet(crbug.com/242999)!:A0E02100EC520000]Automatic fallback to software WebGL has been deprecated. Please use the --enable-unsafe-swiftshader flag to opt in to lower security guarantees for trusted content.
[6904:13696:0130/190034.492:ERROR:gles2_cmd_decoder_passthrough.cc(1082)] [GroupMarkerNotSet(crbug.com/242999)!:A0102200EC520000]Automatic fallback to software WebGL has been deprecated. Please use the --enable-unsafe-swiftshader flag to opt in to lower security guarantees for trusted content.
[5128:12332:0130/190034.499:INFO:CONSOLE(0)] "[GroupMarkerNotSet(crbug.com/242999)!:A0102200EC520000]Automatic fallback to software WebGL has been deprecated. Please use the --enable-unsafe-swiftshader flag to opt in to lower security guarantees for trusted content.", source: https://sr-cdn.shiprocket.in/sr-promise/static/iframe.html (0)
[5128:12332:0130/190034.506:INFO:CONSOLE(0)] "[GroupMarkerNotSet(crbug.com/242999)!:A0E02100EC520000]Automatic fallback to software WebGL has been deprecated. Please use the --enable-unsafe-swiftshader flag to opt in to lower security guarantees for trusted content.", source: https://www.dailyobjects.com/uap/map (0)
[5128:12332:0130/190034.527:INFO:CONSOLE(1)] "[2025-01-30T13:30:34.527Z]  @firebase/analytics: The measurement ID in the local Firebase config (G-DK562NVEZ1) does not match the measurement ID fetched from the server (G-RK2RLBW1ME). To ensure analytics events are always sent to the correct Analytics property, update the measurement ID field in the local config or remove it from the local config.", source: https://www.dailyobjects.com/main.38a97a6d11b8de63.js (1)
[5128:12332:0130/190034.539:INFO:CONSOLE(1)] "No current user", source: https://www.dailyobjects.com/main.38a97a6d11b8de63.js (1)
[5128:12332:0130/190034.561:INFO:CONSOLE(0)] "Autofocus processing was blocked because a document already has a focused element.", source: https://www.dailyobjects.com/ap (0)
[11072:12648:0130/190034.806:WARNING:spdy_session.cc(2981)] Received HEADERS for invalid stream 13
[5128:12332:0130/190036.449:INFO:CONSOLE(1)] "[Elastic APM] Failed sending events! Error: https://apm-logs.dailyobjects.com/intake/v2/rum/events HTTP status: 503", source: https://www.dailyobjects.com/main.38a97a6d11b8de63.js (1)
[5128:12332:0130/190037.254:INFO:CONSOLE(1)] "[Elastic APM] Failed sending events! Error: https://apm-logs.dailyobjects.com/intake/v2/rum/events HTTP status: 503", source: https://www.dailyobjects.com/main.38a97a6d11b8de63.js (1)
[5128:12332:0130/190037.855:INFO:CONSOLE(1)] "[Elastic APM] Failed sending events! Error: https://apm-logs.dailyobjects.com/intake/v2/rum/events HTTP status: 503", source: https://www.dailyobjects.com/main.38a97a6d11b8de63.js (1)
[5128:12332:0130/190039.952:INFO:CONSOLE(1)] "[Elastic APM] Failed sending events! Error: https://apm-logs.dailyobjects.com/intake/v2/rum/events HTTP status: 503", source: https://www.dailyobjects.com/main.38a97a6d11b8de63.js (1)
[5128:12332:0130/190041.210:INFO:CONSOLE(1)] "[Elastic APM] Failed sending events! Error: https://apm-logs.dailyobjects.com/intake/v2/rum/events HTTP status: 503", source: https://www.dailyobjects.com/main.38a97a6d11b8de63.js (1)
[5128:12332:0130/190046.375:INFO:CONSOLE(1)] "[Elastic APM] Failed sending events! Error: https://apm-logs.dailyobjects.com/intake/v2/rum/events HTTP status: 503", source: https://www.dailyobjects.com/main.38a97a6d11b8de63.js (1)
